<?xml version="1.0" encoding="UTF-8"?>
<testng-results ignored="0" total="1" passed="1" failed="0" skipped="0">
  <reporter-output>
  </reporter-output>
  <suite started-at="2024-01-18T01:00:06 CST" name="Default suite" finished-at="2024-01-18T01:00:20 CST" duration-ms="14722">
    <groups>
    </groups>
    <test started-at="2024-01-18T01:00:06 CST" name="Default test" finished-at="2024-01-18T01:00:20 CST" duration-ms="14722">
      <class name="newLogin.Login">
        <test-method is-config="true" signature="initDriver()[pri:0, instance:newLogin.Login@4310d43]" started-at="2024-01-18T01:00:06 CST" name="initDriver" finished-at="2024-01-18T01:00:11 CST" duration-ms="5650" status="PASS">
          <reporter-output>
          </reporter-output>
        </test-method> <!-- initDriver -->
        <test-method signature="loginMethod()[pri:0, instance:newLogin.Login@4310d43]" started-at="2024-01-18T01:00:11 CST" name="loginMethod" finished-at="2024-01-18T01:00:20 CST" duration-ms="8901" status="PASS">
          <reporter-output>
          </reporter-output>
        </test-method> <!-- loginMethod -->
      </class> <!-- newLogin.Login -->
    </test> <!-- Default test -->
  </suite> <!-- Default suite -->
</testng-results>
